<?xml version="1.0" encoding="UTF-8"?>
<testng-results ignored="0" total="1" passed="1" failed="0" skipped="0">
  <reporter-output>
  </reporter-output>
  <suite started-at="2026-02-26T17:59:34 IST" name="Default suite" finished-at="2026-02-26T17:59:41 IST" duration-ms="7432">
    <groups>
    </groups>
    <test started-at="2026-02-26T17:59:34 IST" name="Default test" finished-at="2026-02-26T17:59:41 IST" duration-ms="7432">
      <class name="LoginTest">
        <test-method signature="openGoogle()[pri:0, instance:LoginTest@36916eb0]" started-at="2026-02-26T17:59:34 IST" name="openGoogle" finished-at="2026-02-26T17:59:41 IST" duration-ms="7341" status="PASS">
          <reporter-output>
          </reporter-output>
        </test-method> <!-- openGoogle -->
      </class> <!-- LoginTest -->
    </test> <!-- Default test -->
  </suite> <!-- Default suite -->
</testng-results>
