<?xml version="1.0" encoding="UTF-8"?>
<testng-results ignored="0" total="4" passed="4" failed="0" skipped="0">
  <reporter-output>
  </reporter-output>
  <suite started-at="2026-02-27T12:42:24 IST" name="Default suite" finished-at="2026-02-27T12:42:24 IST" duration-ms="107">
    <groups>
    </groups>
    <test started-at="2026-02-27T12:42:24 IST" name="Default test" finished-at="2026-02-27T12:42:24 IST" duration-ms="107">
      <class name="testngSelenium.LoginTest">
        <test-method is-config="true" signature="beforeClass()[pri:0, instance:testngSelenium.LoginTest@d737b89]" started-at="2026-02-27T12:42:24 IST" name="beforeClass" finished-at="2026-02-27T12:42:24 IST" duration-ms="15" status="PASS">
          <reporter-output>
          </reporter-output>
        </test-method> <!-- beforeClass -->
        <test-method is-config="true" signature="setup()[pri:0, instance:testngSelenium.LoginTest@d737b89]" started-at="2026-02-27T12:42:24 IST" name="setup" finished-at="2026-02-27T12:42:24 IST" duration-ms="1" status="PASS">
          <reporter-output>
          </reporter-output>
        </test-method> <!-- setup -->
        <test-method signature="loginTest(java.lang.String,java.lang.String,java.lang.String)[pri:0, instance:testngSelenium.LoginTest@d737b89]" started-at="2026-02-27T12:42:24 IST" name="loginTest" data-provider="loginData" finished-at="2026-02-27T12:42:24 IST" duration-ms="11" status="PASS">
          <params>
            <param index="0">
              <value>
                <![CDATA[user1]]>
              </value>
            </param>
            <param index="1">
              <value>
                <![CDATA[pass1]]>
              </value>
            </param>
            <param index="2">
              <value>
                <![CDATA[success]]>
              </value>
            </param>
          </params>
          <reporter-output>
          </reporter-output>
        </test-method> <!-- loginTest -->
        <test-method is-config="true" signature="teardown()[pri:0, instance:testngSelenium.LoginTest@d737b89]" started-at="2026-02-27T12:42:24 IST" name="teardown" finished-at="2026-02-27T12:42:24 IST" duration-ms="1" status="PASS">
          <reporter-output>
          </reporter-output>
        </test-method> <!-- teardown -->
        <test-method is-config="true" signature="setup()[pri:0, instance:testngSelenium.LoginTest@d737b89]" started-at="2026-02-27T12:42:24 IST" name="setup" finished-at="2026-02-27T12:42:24 IST" duration-ms="0" status="PASS">
          <reporter-output>
          </reporter-output>
        </test-method> <!-- setup -->
        <test-method signature="loginTest(java.lang.String,java.lang.String,java.lang.String)[pri:0, instance:testngSelenium.LoginTest@d737b89]" started-at="2026-02-27T12:42:24 IST" name="loginTest" data-provider="loginData" finished-at="2026-02-27T12:42:24 IST" duration-ms="1" status="PASS">
          <params>
            <param index="0">
              <value>
                <![CDATA[user1]]>
              </value>
            </param>
            <param index="1">
              <value>
                <![CDATA[wrong]]>
              </value>
            </param>
            <param index="2">
              <value>
                <![CDATA[error]]>
              </value>
            </param>
          </params>
          <reporter-output>
          </reporter-output>
        </test-method> <!-- loginTest -->
        <test-method is-config="true" signature="teardown()[pri:0, instance:testngSelenium.LoginTest@d737b89]" started-at="2026-02-27T12:42:24 IST" name="teardown" finished-at="2026-02-27T12:42:24 IST" duration-ms="0" status="PASS">
          <reporter-output>
          </reporter-output>
        </test-method> <!-- teardown -->
        <test-method signature="loginTest(java.lang.String,java.lang.String,java.lang.String)[pri:0, instance:testngSelenium.LoginTest@d737b89]" started-at="2026-02-27T12:42:24 IST" name="loginTest" data-provider="loginData" finished-at="2026-02-27T12:42:24 IST" duration-ms="1" status="PASS">
          <params>
            <param index="0">
              <value>
                <![CDATA[wrong]]>
              </value>
            </param>
            <param index="1">
              <value>
                <![CDATA[pass1]]>
              </value>
            </param>
            <param index="2">
              <value>
                <![CDATA[error]]>
              </value>
            </param>
          </params>
          <reporter-output>
          </reporter-output>
        </test-method> <!-- loginTest -->
        <test-method is-config="true" signature="setup()[pri:0, instance:testngSelenium.LoginTest@d737b89]" started-at="2026-02-27T12:42:24 IST" name="setup" finished-at="2026-02-27T12:42:24 IST" duration-ms="0" status="PASS">
          <reporter-output>
          </reporter-output>
        </test-method> <!-- setup -->
        <test-method is-config="true" signature="teardown()[pri:0, instance:testngSelenium.LoginTest@d737b89]" started-at="2026-02-27T12:42:24 IST" name="teardown" finished-at="2026-02-27T12:42:24 IST" duration-ms="1" status="PASS">
          <reporter-output>
          </reporter-output>
        </test-method> <!-- teardown -->
        <test-method is-config="true" signature="setup()[pri:0, instance:testngSelenium.LoginTest@d737b89]" started-at="2026-02-27T12:42:24 IST" name="setup" finished-at="2026-02-27T12:42:24 IST" duration-ms="2" status="PASS">
          <reporter-output>
          </reporter-output>
        </test-method> <!-- setup -->
        <test-method signature="loginTest(java.lang.String,java.lang.String,java.lang.String)[pri:0, instance:testngSelenium.LoginTest@d737b89]" started-at="2026-02-27T12:42:24 IST" name="loginTest" data-provider="loginData" finished-at="2026-02-27T12:42:24 IST" duration-ms="3" status="PASS">
          <params>
            <param index="0">
              <value>
                <![CDATA[]]>
              </value>
            </param>
            <param index="1">
              <value>
                <![CDATA[]]>
              </value>
            </param>
            <param index="2">
              <value>
                <![CDATA[validation]]>
              </value>
            </param>
          </params>
          <reporter-output>
          </reporter-output>
        </test-method> <!-- loginTest -->
        <test-method is-config="true" signature="teardown()[pri:0, instance:testngSelenium.LoginTest@d737b89]" started-at="2026-02-27T12:42:24 IST" name="teardown" finished-at="2026-02-27T12:42:24 IST" duration-ms="1" status="PASS">
          <reporter-output>
          </reporter-output>
        </test-method> <!-- teardown -->
        <test-method is-config="true" signature="afterClass()[pri:0, instance:testngSelenium.LoginTest@d737b89]" started-at="2026-02-27T12:42:24 IST" name="afterClass" finished-at="2026-02-27T12:42:24 IST" duration-ms="1" status="PASS">
          <reporter-output>
          </reporter-output>
        </test-method> <!-- afterClass -->
      </class> <!-- testngSelenium.LoginTest -->
    </test> <!-- Default test -->
  </suite> <!-- Default suite -->
</testng-results>
