<?xml version="1.0" encoding="UTF-8"?>
<!-- Generated by org.testng.reporters.JUnitXMLReporter -->
<testsuite ignored="0" hostname="DESKTOP-3F5SKOV" failures="0" tests="4" name="Default test" time="0.107" errors="0" timestamp="2026-02-27T12:42:24 IST">
  <testcase classname="testngSelenium.LoginTest" name="loginTest" time="0.011"/>
  <testcase classname="testngSelenium.LoginTest" name="loginTest" time="0.001"/>
  <testcase classname="testngSelenium.LoginTest" name="loginTest" time="0.001"/>
  <testcase classname="testngSelenium.LoginTest" name="loginTest" time="0.003"/>
</testsuite> <!-- Default test -->
