<?xml version="1.0" encoding="UTF-8"?>
<!-- Generated by org.testng.reporters.JUnitReportReporter -->
<testsuite hostname="DESKTOP-3F5SKOV" failures="0" tests="4" name="testngSelenium.LoginTest" time="0.022" errors="0" timestamp="2026-02-27T12:42:24 IST" skipped="0">
  <testcase classname="testngSelenium.LoginTest" name="loginTest" time="0.002"/>
  <testcase classname="testngSelenium.LoginTest" name="loginTest" time="0.003"/>
  <testcase classname="testngSelenium.LoginTest" name="loginTest" time="0.005"/>
  <testcase classname="testngSelenium.LoginTest" name="loginTest" time="0.012"/>
</testsuite> <!-- testngSelenium.LoginTest -->
