<?xml version="1.0" encoding="UTF-8"?>
<!-- Generated by org.testng.reporters.JUnitXMLReporter -->
<testsuite ignored="0" hostname="DESKTOP-3F5SKOV" failures="0" tests="3" name="TestNG Parallel Test" time="0.076" errors="0" timestamp="2026-03-02T10:41:24 IST">
  <testcase classname="TestNG.TestClass" name="test2" time="0.013"/>
  <testcase classname="TestNG.TestClass" name="test3" time="0.013"/>
  <testcase classname="TestNG.TestClass" name="test1" time="0.013"/>
</testsuite> <!-- TestNG Parallel Test -->
