<?xml version="1.0" encoding="UTF-8"?>
<testng-results ignored="0" total="1" passed="1" failed="0" skipped="0">
  <reporter-output>
  </reporter-output>
  <suite started-at="2026-02-26T16:23:59 IST" name="Surefire suite" finished-at="2026-02-26T16:24:03 IST" duration-ms="4627">
    <groups>
    </groups>
    <test started-at="2026-02-26T16:23:59 IST" name="Surefire test" finished-at="2026-02-26T16:24:03 IST" duration-ms="4627">
      <class name="LoginTest">
        <test-method signature="openGoogle()[pri:0, instance:LoginTest@4ef37659]" started-at="2026-02-26T16:23:59 IST" name="openGoogle" finished-at="2026-02-26T16:24:03 IST" duration-ms="4564" status="PASS">
          <reporter-output>
          </reporter-output>
        </test-method> <!-- openGoogle -->
      </class> <!-- LoginTest -->
    </test> <!-- Surefire test -->
  </suite> <!-- Surefire suite -->
</testng-results>
