<?xml version="1.0" encoding="UTF-8"?>
<testng-results ignored="0" total="3" passed="3" failed="0" skipped="0">
  <reporter-output>
  </reporter-output>
  <suite started-at="2026-03-02T10:41:23 IST" name="ParallelSuite" finished-at="2026-03-02T10:41:24 IST" duration-ms="76">
    <groups>
    </groups>
    <test started-at="2026-03-02T10:41:23 IST" name="TestNG Parallel Test" finished-at="2026-03-02T10:41:24 IST" duration-ms="76">
      <class name="TestNG.TestClass">
        <test-method signature="test1()[pri:0, instance:TestNG.TestClass@3646a422]" started-at="2026-03-02T10:41:23 IST" name="test1" finished-at="2026-03-02T10:41:24 IST" duration-ms="13" status="PASS">
          <reporter-output>
          </reporter-output>
        </test-method> <!-- test1 -->
        <test-method signature="test2()[pri:0, instance:TestNG.TestClass@3646a422]" started-at="2026-03-02T10:41:23 IST" name="test2" finished-at="2026-03-02T10:41:24 IST" duration-ms="13" status="PASS">
          <reporter-output>
          </reporter-output>
        </test-method> <!-- test2 -->
        <test-method signature="test3()[pri:0, instance:TestNG.TestClass@3646a422]" started-at="2026-03-02T10:41:23 IST" name="test3" finished-at="2026-03-02T10:41:24 IST" duration-ms="13" status="PASS">
          <reporter-output>
          </reporter-output>
        </test-method> <!-- test3 -->
      </class> <!-- TestNG.TestClass -->
    </test> <!-- TestNG Parallel Test -->
  </suite> <!-- ParallelSuite -->
</testng-results>
