<?xml version="1.0" encoding="UTF-8"?>
<!-- Generated by org.testng.reporters.JUnitReportReporter -->
<testsuite hostname="DESKTOP-3F5SKOV" failures="0" tests="3" name="TestNG.LoginTest" time="18.467" errors="0" timestamp="2026-02-17T17:11:01 IST" skipped="0">
  <testcase classname="TestNG.LoginTest" name="loginTest" time="9.671"/>
  <testcase classname="TestNG.LoginTest" name="loginTest" time="4.211"/>
  <testcase classname="TestNG.LoginTest" name="loginTest" time="4.585"/>
</testsuite> <!-- TestNG.LoginTest -->
