<?xml version="1.0" encoding="UTF-8"?>
<!-- Generated by org.testng.reporters.JUnitReportReporter -->
<testsuite hostname="DESKTOP-3F5SKOV" failures="0" tests="3" name="TestNG.TestClass" time="0.039" errors="0" timestamp="2026-03-02T10:41:24 IST" skipped="0">
  <testcase classname="TestNG.TestClass" name="test1" time="0.013"/>
  <testcase classname="TestNG.TestClass" name="test2" time="0.013"/>
  <testcase classname="TestNG.TestClass" name="test3" time="0.013"/>
</testsuite> <!-- TestNG.TestClass -->
