<?xml version="1.0" encoding="UTF-8"?>
<!-- Generated by org.testng.reporters.JUnitReportReporter -->
<testsuite hostname="DESKTOP-3F5SKOV" failures="0" tests="3" name="TestNG.DataTest" time="0.068" errors="0" timestamp="2026-02-27T12:05:37 IST" skipped="0">
  <testcase classname="TestNG.DataTest" name="loginTest" time="0.022"/>
  <testcase classname="TestNG.DataTest" name="loginTest" time="0.023"/>
  <testcase classname="TestNG.DataTest" name="loginTest" time="0.023"/>
</testsuite> <!-- TestNG.DataTest -->
